#
# There is insufficient memory for the Java Runtime Environment to continue.
# Native memory allocation (mmap) failed to map 65536 bytes for Failed to commit metaspace.
# Possible reasons:
#   The system is out of physical RAM or swap space
#   The process is running with CompressedOops enabled, and the Java Heap may be blocking the growth of the native heap
# Possible solutions:
#   Reduce memory load on the system
#   Increase physical memory or swap space
#   Check if swap backing store is full
#   Decrease Java heap size (-Xmx/-Xms)
#   Decrease number of Java threads
#   Decrease Java thread stack sizes (-Xss)
#   Set larger code cache with -XX:ReservedCodeCacheSize=
#   JVM is running with Unscaled Compressed Oops mode in which the Java heap is
#     placed in the first 4GB address space. The Java Heap base address is the
#     maximum limit for the native heap growth. Please use -XX:HeapBaseMinAddress
#     to set the Java Heap base and to place the Java Heap above 4GB virtual address.
# This output file may be truncated or incomplete.
#
#  Out of Memory Error (virtualSpaceNode.cpp:110), pid=13172, tid=724
#
# JRE version: OpenJDK Runtime Environment (18.0.2.1+1) (build 18.0.2.1+1-1)
# Java VM: OpenJDK 64-Bit Server VM (18.0.2.1+1-1, mixed mode, sharing, tiered, compressed oops, compressed class ptrs, g1 gc, windows-amd64)
# No core dump will be written. Minidumps are not enabled by default on client versions of Windows
#

---------------  S U M M A R Y ------------

Command Line: -javaagent:C:\Program Files\JetBrains\IntelliJ IDEA Community Edition 2022.2.1\lib\idea_rt.jar=54307:C:\Program Files\JetBrains\IntelliJ IDEA Community Edition 2022.2.1\bin -Dfile.encoding=UTF-8 -Dsun.stdout.encoding=UTF-8 -Dsun.stderr.encoding=UTF-8 Main

Host: Intel(R) Pentium(R) CPU G4560 @ 3.50GHz, 4 cores, 7G,  Windows 10 , 64 bit Build 17134 (10.0.17134.753)
Time: Thu Oct 20 14:47:42 2022 RTZ 2 (зима) elapsed time: 0.248964 seconds (0d 0h 0m 0s)

---------------  T H R E A D  ---------------

Current thread (0x000001a928701930):  JavaThread "C1 CompilerThread0" daemon [_thread_in_vm, id=724, stack(0x0000004c27c00000,0x0000004c27d00000)]


Current CompileTask:
C1:    249  179       3       java.lang.invoke.MemberName::testAllFlags (7 bytes)

Stack: [0x0000004c27c00000,0x0000004c27d00000]
Native frames: (J=compiled Java code, j=interpreted, Vv=VM code, C=native code)
V  [jvm.dll+0x6993aa]
V  [jvm.dll+0x7f46dd]
V  [jvm.dll+0x7f5fee]
V  [jvm.dll+0x7f66a3]
V  [jvm.dll+0x25cf1f]
V  [jvm.dll+0x7f03eb]
V  [jvm.dll+0x63f526]
V  [jvm.dll+0x63f58a]
V  [jvm.dll+0x641e0e]
V  [jvm.dll+0x641cce]
V  [jvm.dll+0x63feee]
V  [jvm.dll+0x65184a]
V  [jvm.dll+0x64a73a]
V  [jvm.dll+0x1e4aa0]
V  [jvm.dll+0x1e4c86]
V  [jvm.dll+0x1487de]
V  [jvm.dll+0x148b26]
V  [jvm.dll+0x147f9a]
V  [jvm.dll+0x149c81]
V  [jvm.dll+0x23ee0a]
V  [jvm.dll+0x23d0f5]
V  [jvm.dll+0x7a6dd1]
V  [jvm.dll+0x7a120a]
V  [jvm.dll+0x698255]
C  [ucrtbase.dll+0x1e3fe]
C  [KERNEL32.DLL+0x14034]
C  [ntdll.dll+0x73691]


---------------  P R O C E S S  ---------------

Threads class SMR info:
_java_thread_list=0x000001a92c937c30, length=11, elements={
0x000001a90ada45d0, 0x000001a9286e0cd0, 0x000001a9286e2420, 0x000001a9286f9ac0,
0x000001a9286fa460, 0x000001a9286fbe10, 0x000001a9286fc7b0, 0x000001a9286fd480,
0x000001a928701930, 0x000001a9287871c0, 0x000001a9286ccb80
}

Java Threads: ( => current thread )
  0x000001a90ada45d0 JavaThread "main" [_thread_in_vm, id=11404, stack(0x0000004c26e00000,0x0000004c26f00000)]
  0x000001a9286e0cd0 JavaThread "Reference Handler" daemon [_thread_blocked, id=1476, stack(0x0000004c27500000,0x0000004c27600000)]
  0x000001a9286e2420 JavaThread "Finalizer" daemon [_thread_blocked, id=8812, stack(0x0000004c27600000,0x0000004c27700000)]
  0x000001a9286f9ac0 JavaThread "Signal Dispatcher" daemon [_thread_blocked, id=11592, stack(0x0000004c27700000,0x0000004c27800000)]
  0x000001a9286fa460 JavaThread "Attach Listener" daemon [_thread_blocked, id=13072, stack(0x0000004c27800000,0x0000004c27900000)]
  0x000001a9286fbe10 JavaThread "Service Thread" daemon [_thread_blocked, id=11336, stack(0x0000004c27900000,0x0000004c27a00000)]
  0x000001a9286fc7b0 JavaThread "Monitor Deflation Thread" daemon [_thread_blocked, id=3344, stack(0x0000004c27a00000,0x0000004c27b00000)]
  0x000001a9286fd480 JavaThread "C2 CompilerThread0" daemon [_thread_blocked, id=8228, stack(0x0000004c27b00000,0x0000004c27c00000)]
=>0x000001a928701930 JavaThread "C1 CompilerThread0" daemon [_thread_in_vm, id=724, stack(0x0000004c27c00000,0x0000004c27d00000)]
  0x000001a9287871c0 JavaThread "Sweeper thread" daemon [_thread_blocked, id=13188, stack(0x0000004c27d00000,0x0000004c27e00000)]
  0x000001a9286ccb80 JavaThread "Common-Cleaner" daemon [_thread_blocked, id=6992, stack(0x0000004c27e00000,0x0000004c27f00000)]

Other Threads:
  0x000001a9286dd060 VMThread "VM Thread" [stack: 0x0000004c27400000,0x0000004c27500000] [id=2572]
  0x000001a90ae04540 WorkerThread "GC Thread#0" [stack: 0x0000004c26f00000,0x0000004c27000000] [id=12828]
  0x000001a90ae152b0 ConcurrentGCThread "G1 Main Marker" [stack: 0x0000004c27000000,0x0000004c27100000] [id=11124]
  0x000001a90ae15d70 WorkerThread "G1 Conc#0" [stack: 0x0000004c27100000,0x0000004c27200000] [id=12848]
  0x000001a90ae593a0 ConcurrentGCThread "G1 Refine#0" [stack: 0x0000004c27200000,0x0000004c27300000] [id=12936]
  0x000001a90ae5a520 ConcurrentGCThread "G1 Service" [stack: 0x0000004c27300000,0x0000004c27400000] [id=5312]

Threads with active compile tasks:
C1 CompilerThread0      294  179       3       java.lang.invoke.MemberName::testAllFlags (7 bytes)

VM state: not at safepoint (normal execution)

VM Mutex/Monitor currently owned by a thread:  ([mutex/lock_event])
[0x000001a90ad9f130] Metaspace_lock - owner thread: 0x000001a928701930
[0x000001a90ada0810] MethodData_lock - owner thread: 0x000001a928701930

Heap address: 0x0000000080e00000, size: 2034 MB, Compressed Oops mode: 32-bit

CDS archive(s) mapped at: [0x0000000800000000-0x0000000800ba0000-0x0000000800ba0000), size 12189696, SharedBaseAddress: 0x0000000800000000, ArchiveRelocationMode: 0.
Compressed class space mapped at: 0x0000000800c00000-0x0000000840c00000, reserved size: 1073741824
Narrow klass base: 0x0000000800000000, Narrow klass shift: 0, Narrow klass range: 0x100000000

GC Precious Log:
 CardTable entry size: 512
 Card Set container configuration: InlinePtr #cards 5 size 8 Array Of Cards #cards 12 size 40 Howl #buckets 4 coarsen threshold 1843 Howl Bitmap #cards 512 size 80 coarsen threshold 460 Card regions per heap region 1 cards per card region 2048
 CPUs: 4 total, 4 available
 Memory: 8135M
 Large Page Support: Disabled
 NUMA Support: Disabled
 Compressed Oops: Enabled (32-bit)
 Heap Region Size: 1M
 Heap Min Capacity: 8M
 Heap Initial Capacity: 128M
 Heap Max Capacity: 2034M
 Pre-touch: Disabled
 Parallel Workers: 4
 Concurrent Workers: 1
 Concurrent Refinement Workers: 4
 Periodic GC: Disabled

Heap:
 garbage-first heap   total 131072K, used 1024K [0x0000000080e00000, 0x0000000100000000)
  region size 1024K, 2 young (2048K), 0 survivors (0K)
 Metaspace       used 338K, committed 512K, reserved 1114112K
  class space    used 15K, committed 128K, reserved 1048576K

Heap Regions: E=young(eden), S=young(survivor), O=old, HS=humongous(starts), HC=humongous(continues), CS=collection set, F=free, OA=open archive, CA=closed archive, TAMS=top-at-mark-start (previous, next)
|   0|0x0000000080e00000, 0x0000000080e00000, 0x0000000080f00000|  0%| F|  |TAMS 0x0000000080e00000, 0x0000000080e00000| Untracked 
|   1|0x0000000080f00000, 0x0000000080f00000, 0x0000000081000000|  0%| F|  |TAMS 0x0000000080f00000, 0x0000000080f00000| Untracked 
|   2|0x0000000081000000, 0x0000000081000000, 0x0000000081100000|  0%| F|  |TAMS 0x0000000081000000, 0x0000000081000000| Untracked 
|   3|0x0000000081100000, 0x0000000081100000, 0x0000000081200000|  0%| F|  |TAMS 0x0000000081100000, 0x0000000081100000| Untracked 
|   4|0x0000000081200000, 0x0000000081200000, 0x0000000081300000|  0%| F|  |TAMS 0x0000000081200000, 0x0000000081200000| Untracked 
|   5|0x0000000081300000, 0x0000000081300000, 0x0000000081400000|  0%| F|  |TAMS 0x0000000081300000, 0x0000000081300000| Untracked 
|   6|0x0000000081400000, 0x0000000081400000, 0x0000000081500000|  0%| F|  |TAMS 0x0000000081400000, 0x0000000081400000| Untracked 
|   7|0x0000000081500000, 0x0000000081500000, 0x0000000081600000|  0%| F|  |TAMS 0x0000000081500000, 0x0000000081500000| Untracked 
|   8|0x0000000081600000, 0x0000000081600000, 0x0000000081700000|  0%| F|  |TAMS 0x0000000081600000, 0x0000000081600000| Untracked 
|   9|0x0000000081700000, 0x0000000081700000, 0x0000000081800000|  0%| F|  |TAMS 0x0000000081700000, 0x0000000081700000| Untracked 
|  10|0x0000000081800000, 0x0000000081800000, 0x0000000081900000|  0%| F|  |TAMS 0x0000000081800000, 0x0000000081800000| Untracked 
|  11|0x0000000081900000, 0x0000000081900000, 0x0000000081a00000|  0%| F|  |TAMS 0x0000000081900000, 0x0000000081900000| Untracked 
|  12|0x0000000081a00000, 0x0000000081a00000, 0x0000000081b00000|  0%| F|  |TAMS 0x0000000081a00000, 0x0000000081a00000| Untracked 
|  13|0x0000000081b00000, 0x0000000081b00000, 0x0000000081c00000|  0%| F|  |TAMS 0x0000000081b00000, 0x0000000081b00000| Untracked 
|  14|0x0000000081c00000, 0x0000000081c00000, 0x0000000081d00000|  0%| F|  |TAMS 0x0000000081c00000, 0x0000000081c00000| Untracked 
|  15|0x0000000081d00000, 0x0000000081d00000, 0x0000000081e00000|  0%| F|  |TAMS 0x0000000081d00000, 0x0000000081d00000| Untracked 
|  16|0x0000000081e00000, 0x0000000081e00000, 0x0000000081f00000|  0%| F|  |TAMS 0x0000000081e00000, 0x0000000081e00000| Untracked 
|  17|0x0000000081f00000, 0x0000000081f00000, 0x0000000082000000|  0%| F|  |TAMS 0x0000000081f00000, 0x0000000081f00000| Untracked 
|  18|0x0000000082000000, 0x0000000082000000, 0x0000000082100000|  0%| F|  |TAMS 0x0000000082000000, 0x0000000082000000| Untracked 
|  19|0x0000000082100000, 0x0000000082100000, 0x0000000082200000|  0%| F|  |TAMS 0x0000000082100000, 0x0000000082100000| Untracked 
|  20|0x0000000082200000, 0x0000000082200000, 0x0000000082300000|  0%| F|  |TAMS 0x0000000082200000, 0x0000000082200000| Untracked 
|  21|0x0000000082300000, 0x0000000082300000, 0x0000000082400000|  0%| F|  |TAMS 0x0000000082300000, 0x0000000082300000| Untracked 
|  22|0x0000000082400000, 0x0000000082400000, 0x0000000082500000|  0%| F|  |TAMS 0x0000000082400000, 0x0000000082400000| Untracked 
|  23|0x0000000082500000, 0x0000000082500000, 0x0000000082600000|  0%| F|  |TAMS 0x0000000082500000, 0x0000000082500000| Untracked 
|  24|0x0000000082600000, 0x0000000082600000, 0x0000000082700000|  0%| F|  |TAMS 0x0000000082600000, 0x0000000082600000| Untracked 
|  25|0x0000000082700000, 0x0000000082700000, 0x0000000082800000|  0%| F|  |TAMS 0x0000000082700000, 0x0000000082700000| Untracked 
|  26|0x0000000082800000, 0x0000000082800000, 0x0000000082900000|  0%| F|  |TAMS 0x0000000082800000, 0x0000000082800000| Untracked 
|  27|0x0000000082900000, 0x0000000082900000, 0x0000000082a00000|  0%| F|  |TAMS 0x0000000082900000, 0x0000000082900000| Untracked 
|  28|0x0000000082a00000, 0x0000000082a00000, 0x0000000082b00000|  0%| F|  |TAMS 0x0000000082a00000, 0x0000000082a00000| Untracked 
|  29|0x0000000082b00000, 0x0000000082b00000, 0x0000000082c00000|  0%| F|  |TAMS 0x0000000082b00000, 0x0000000082b00000| Untracked 
|  30|0x0000000082c00000, 0x0000000082c00000, 0x0000000082d00000|  0%| F|  |TAMS 0x0000000082c00000, 0x0000000082c00000| Untracked 
|  31|0x0000000082d00000, 0x0000000082d00000, 0x0000000082e00000|  0%| F|  |TAMS 0x0000000082d00000, 0x0000000082d00000| Untracked 
|  32|0x0000000082e00000, 0x0000000082e00000, 0x0000000082f00000|  0%| F|  |TAMS 0x0000000082e00000, 0x0000000082e00000| Untracked 
|  33|0x0000000082f00000, 0x0000000082f00000, 0x0000000083000000|  0%| F|  |TAMS 0x0000000082f00000, 0x0000000082f00000| Untracked 
|  34|0x0000000083000000, 0x0000000083000000, 0x0000000083100000|  0%| F|  |TAMS 0x0000000083000000, 0x0000000083000000| Untracked 
|  35|0x0000000083100000, 0x0000000083100000, 0x0000000083200000|  0%| F|  |TAMS 0x0000000083100000, 0x0000000083100000| Untracked 
|  36|0x0000000083200000, 0x0000000083200000, 0x0000000083300000|  0%| F|  |TAMS 0x0000000083200000, 0x0000000083200000| Untracked 
|  37|0x0000000083300000, 0x0000000083300000, 0x0000000083400000|  0%| F|  |TAMS 0x0000000083300000, 0x0000000083300000| Untracked 
|  38|0x0000000083400000, 0x0000000083400000, 0x0000000083500000|  0%| F|  |TAMS 0x0000000083400000, 0x0000000083400000| Untracked 
|  39|0x0000000083500000, 0x0000000083500000, 0x0000000083600000|  0%| F|  |TAMS 0x0000000083500000, 0x0000000083500000| Untracked 
|  40|0x0000000083600000, 0x0000000083600000, 0x0000000083700000|  0%| F|  |TAMS 0x0000000083600000, 0x0000000083600000| Untracked 
|  41|0x0000000083700000, 0x0000000083700000, 0x0000000083800000|  0%| F|  |TAMS 0x0000000083700000, 0x0000000083700000| Untracked 
|  42|0x0000000083800000, 0x0000000083800000, 0x0000000083900000|  0%| F|  |TAMS 0x0000000083800000, 0x0000000083800000| Untracked 
|  43|0x0000000083900000, 0x0000000083900000, 0x0000000083a00000|  0%| F|  |TAMS 0x0000000083900000, 0x0000000083900000| Untracked 
|  44|0x0000000083a00000, 0x0000000083a00000, 0x0000000083b00000|  0%| F|  |TAMS 0x0000000083a00000, 0x0000000083a00000| Untracked 
|  45|0x0000000083b00000, 0x0000000083b00000, 0x0000000083c00000|  0%| F|  |TAMS 0x0000000083b00000, 0x0000000083b00000| Untracked 
|  46|0x0000000083c00000, 0x0000000083c00000, 0x0000000083d00000|  0%| F|  |TAMS 0x0000000083c00000, 0x0000000083c00000| Untracked 
|  47|0x0000000083d00000, 0x0000000083d00000, 0x0000000083e00000|  0%| F|  |TAMS 0x0000000083d00000, 0x0000000083d00000| Untracked 
|  48|0x0000000083e00000, 0x0000000083e00000, 0x0000000083f00000|  0%| F|  |TAMS 0x0000000083e00000, 0x0000000083e00000| Untracked 
|  49|0x0000000083f00000, 0x0000000083f00000, 0x0000000084000000|  0%| F|  |TAMS 0x0000000083f00000, 0x0000000083f00000| Untracked 
|  50|0x0000000084000000, 0x0000000084000000, 0x0000000084100000|  0%| F|  |TAMS 0x0000000084000000, 0x0000000084000000| Untracked 
|  51|0x0000000084100000, 0x0000000084100000, 0x0000000084200000|  0%| F|  |TAMS 0x0000000084100000, 0x0000000084100000| Untracked 
|  52|0x0000000084200000, 0x0000000084200000, 0x0000000084300000|  0%| F|  |TAMS 0x0000000084200000, 0x0000000084200000| Untracked 
|  53|0x0000000084300000, 0x0000000084300000, 0x0000000084400000|  0%| F|  |TAMS 0x0000000084300000, 0x0000000084300000| Untracked 
|  54|0x0000000084400000, 0x0000000084400000, 0x0000000084500000|  0%| F|  |TAMS 0x0000000084400000, 0x0000000084400000| Untracked 
|  55|0x0000000084500000, 0x0000000084500000, 0x0000000084600000|  0%| F|  |TAMS 0x0000000084500000, 0x0000000084500000| Untracked 
|  56|0x0000000084600000, 0x0000000084600000, 0x0000000084700000|  0%| F|  |TAMS 0x0000000084600000, 0x0000000084600000| Untracked 
|  57|0x0000000084700000, 0x0000000084700000, 0x0000000084800000|  0%| F|  |TAMS 0x0000000084700000, 0x0000000084700000| Untracked 
|  58|0x0000000084800000, 0x0000000084800000, 0x0000000084900000|  0%| F|  |TAMS 0x0000000084800000, 0x0000000084800000| Untracked 
|  59|0x0000000084900000, 0x0000000084900000, 0x0000000084a00000|  0%| F|  |TAMS 0x0000000084900000, 0x0000000084900000| Untracked 
|  60|0x0000000084a00000, 0x0000000084a00000, 0x0000000084b00000|  0%| F|  |TAMS 0x0000000084a00000, 0x0000000084a00000| Untracked 
|  61|0x0000000084b00000, 0x0000000084b00000, 0x0000000084c00000|  0%| F|  |TAMS 0x0000000084b00000, 0x0000000084b00000| Untracked 
|  62|0x0000000084c00000, 0x0000000084c00000, 0x0000000084d00000|  0%| F|  |TAMS 0x0000000084c00000, 0x0000000084c00000| Untracked 
|  63|0x0000000084d00000, 0x0000000084d00000, 0x0000000084e00000|  0%| F|  |TAMS 0x0000000084d00000, 0x0000000084d00000| Untracked 
|  64|0x0000000084e00000, 0x0000000084e00000, 0x0000000084f00000|  0%| F|  |TAMS 0x0000000084e00000, 0x0000000084e00000| Untracked 
|  65|0x0000000084f00000, 0x0000000084f00000, 0x0000000085000000|  0%| F|  |TAMS 0x0000000084f00000, 0x0000000084f00000| Untracked 
|  66|0x0000000085000000, 0x0000000085000000, 0x0000000085100000|  0%| F|  |TAMS 0x0000000085000000, 0x0000000085000000| Untracked 
|  67|0x0000000085100000, 0x0000000085100000, 0x0000000085200000|  0%| F|  |TAMS 0x0000000085100000, 0x0000000085100000| Untracked 
|  68|0x0000000085200000, 0x0000000085200000, 0x0000000085300000|  0%| F|  |TAMS 0x0000000085200000, 0x0000000085200000| Untracked 
|  69|0x0000000085300000, 0x0000000085300000, 0x0000000085400000|  0%| F|  |TAMS 0x0000000085300000, 0x0000000085300000| Untracked 
|  70|0x0000000085400000, 0x0000000085400000, 0x0000000085500000|  0%| F|  |TAMS 0x0000000085400000, 0x0000000085400000| Untracked 
|  71|0x0000000085500000, 0x0000000085500000, 0x0000000085600000|  0%| F|  |TAMS 0x0000000085500000, 0x0000000085500000| Untracked 
|  72|0x0000000085600000, 0x0000000085600000, 0x0000000085700000|  0%| F|  |TAMS 0x0000000085600000, 0x0000000085600000| Untracked 
|  73|0x0000000085700000, 0x0000000085700000, 0x0000000085800000|  0%| F|  |TAMS 0x0000000085700000, 0x0000000085700000| Untracked 
|  74|0x0000000085800000, 0x0000000085800000, 0x0000000085900000|  0%| F|  |TAMS 0x0000000085800000, 0x0000000085800000| Untracked 
|  75|0x0000000085900000, 0x0000000085900000, 0x0000000085a00000|  0%| F|  |TAMS 0x0000000085900000, 0x0000000085900000| Untracked 
|  76|0x0000000085a00000, 0x0000000085a00000, 0x0000000085b00000|  0%| F|  |TAMS 0x0000000085a00000, 0x0000000085a00000| Untracked 
|  77|0x0000000085b00000, 0x0000000085b00000, 0x0000000085c00000|  0%| F|  |TAMS 0x0000000085b00000, 0x0000000085b00000| Untracked 
|  78|0x0000000085c00000, 0x0000000085c00000, 0x0000000085d00000|  0%| F|  |TAMS 0x0000000085c00000, 0x0000000085c00000| Untracked 
|  79|0x0000000085d00000, 0x0000000085d00000, 0x0000000085e00000|  0%| F|  |TAMS 0x0000000085d00000, 0x0000000085d00000| Untracked 
|  80|0x0000000085e00000, 0x0000000085e00000, 0x0000000085f00000|  0%| F|  |TAMS 0x0000000085e00000, 0x0000000085e00000| Untracked 
|  81|0x0000000085f00000, 0x0000000085f00000, 0x0000000086000000|  0%| F|  |TAMS 0x0000000085f00000, 0x0000000085f00000| Untracked 
|  82|0x0000000086000000, 0x0000000086000000, 0x0000000086100000|  0%| F|  |TAMS 0x0000000086000000, 0x0000000086000000| Untracked 
|  83|0x0000000086100000, 0x0000000086100000, 0x0000000086200000|  0%| F|  |TAMS 0x0000000086100000, 0x0000000086100000| Untracked 
|  84|0x0000000086200000, 0x0000000086200000, 0x0000000086300000|  0%| F|  |TAMS 0x0000000086200000, 0x0000000086200000| Untracked 
|  85|0x0000000086300000, 0x0000000086300000, 0x0000000086400000|  0%| F|  |TAMS 0x0000000086300000, 0x0000000086300000| Untracked 
|  86|0x0000000086400000, 0x0000000086400000, 0x0000000086500000|  0%| F|  |TAMS 0x0000000086400000, 0x0000000086400000| Untracked 
|  87|0x0000000086500000, 0x0000000086500000, 0x0000000086600000|  0%| F|  |TAMS 0x0000000086500000, 0x0000000086500000| Untracked 
|  88|0x0000000086600000, 0x0000000086600000, 0x0000000086700000|  0%| F|  |TAMS 0x0000000086600000, 0x0000000086600000| Untracked 
|  89|0x0000000086700000, 0x0000000086700000, 0x0000000086800000|  0%| F|  |TAMS 0x0000000086700000, 0x0000000086700000| Untracked 
|  90|0x0000000086800000, 0x0000000086800000, 0x0000000086900000|  0%| F|  |TAMS 0x0000000086800000, 0x0000000086800000| Untracked 
|  91|0x0000000086900000, 0x0000000086900000, 0x0000000086a00000|  0%| F|  |TAMS 0x0000000086900000, 0x0000000086900000| Untracked 
|  92|0x0000000086a00000, 0x0000000086a00000, 0x0000000086b00000|  0%| F|  |TAMS 0x0000000086a00000, 0x0000000086a00000| Untracked 
|  93|0x0000000086b00000, 0x0000000086b00000, 0x0000000086c00000|  0%| F|  |TAMS 0x0000000086b00000, 0x0000000086b00000| Untracked 
|  94|0x0000000086c00000, 0x0000000086c00000, 0x0000000086d00000|  0%| F|  |TAMS 0x0000000086c00000, 0x0000000086c00000| Untracked 
|  95|0x0000000086d00000, 0x0000000086d00000, 0x0000000086e00000|  0%| F|  |TAMS 0x0000000086d00000, 0x0000000086d00000| Untracked 
|  96|0x0000000086e00000, 0x0000000086e00000, 0x0000000086f00000|  0%| F|  |TAMS 0x0000000086e00000, 0x0000000086e00000| Untracked 
|  97|0x0000000086f00000, 0x0000000086f00000, 0x0000000087000000|  0%| F|  |TAMS 0x0000000086f00000, 0x0000000086f00000| Untracked 
|  98|0x0000000087000000, 0x0000000087000000, 0x0000000087100000|  0%| F|  |TAMS 0x0000000087000000, 0x0000000087000000| Untracked 
|  99|0x0000000087100000, 0x0000000087100000, 0x0000000087200000|  0%| F|  |TAMS 0x0000000087100000, 0x0000000087100000| Untracked 
| 100|0x0000000087200000, 0x0000000087200000, 0x0000000087300000|  0%| F|  |TAMS 0x0000000087200000, 0x0000000087200000| Untracked 
| 101|0x0000000087300000, 0x0000000087300000, 0x0000000087400000|  0%| F|  |TAMS 0x0000000087300000, 0x0000000087300000| Untracked 
| 102|0x0000000087400000, 0x0000000087400000, 0x0000000087500000|  0%| F|  |TAMS 0x0000000087400000, 0x0000000087400000| Untracked 
| 103|0x0000000087500000, 0x0000000087500000, 0x0000000087600000|  0%| F|  |TAMS 0x0000000087500000, 0x0000000087500000| Untracked 
| 104|0x0000000087600000, 0x0000000087600000, 0x0000000087700000|  0%| F|  |TAMS 0x0000000087600000, 0x0000000087600000| Untracked 
| 105|0x0000000087700000, 0x0000000087700000, 0x0000000087800000|  0%| F|  |TAMS 0x0000000087700000, 0x0000000087700000| Untracked 
| 106|0x0000000087800000, 0x0000000087800000, 0x0000000087900000|  0%| F|  |TAMS 0x0000000087800000, 0x0000000087800000| Untracked 
| 107|0x0000000087900000, 0x0000000087900000, 0x0000000087a00000|  0%| F|  |TAMS 0x0000000087900000, 0x0000000087900000| Untracked 
| 108|0x0000000087a00000, 0x0000000087a00000, 0x0000000087b00000|  0%| F|  |TAMS 0x0000000087a00000, 0x0000000087a00000| Untracked 
| 109|0x0000000087b00000, 0x0000000087b00000, 0x0000000087c00000|  0%| F|  |TAMS 0x0000000087b00000, 0x0000000087b00000| Untracked 
| 110|0x0000000087c00000, 0x0000000087c00000, 0x0000000087d00000|  0%| F|  |TAMS 0x0000000087c00000, 0x0000000087c00000| Untracked 
| 111|0x0000000087d00000, 0x0000000087d00000, 0x0000000087e00000|  0%| F|  |TAMS 0x0000000087d00000, 0x0000000087d00000| Untracked 
| 112|0x0000000087e00000, 0x0000000087e00000, 0x0000000087f00000|  0%| F|  |TAMS 0x0000000087e00000, 0x0000000087e00000| Untracked 
| 113|0x0000000087f00000, 0x0000000087f00000, 0x0000000088000000|  0%| F|  |TAMS 0x0000000087f00000, 0x0000000087f00000| Untracked 
| 114|0x0000000088000000, 0x0000000088000000, 0x0000000088100000|  0%| F|  |TAMS 0x0000000088000000, 0x0000000088000000| Untracked 
| 115|0x0000000088100000, 0x0000000088100000, 0x0000000088200000|  0%| F|  |TAMS 0x0000000088100000, 0x0000000088100000| Untracked 
| 116|0x0000000088200000, 0x0000000088200000, 0x0000000088300000|  0%| F|  |TAMS 0x0000000088200000, 0x0000000088200000| Untracked 
| 117|0x0000000088300000, 0x0000000088300000, 0x0000000088400000|  0%| F|  |TAMS 0x0000000088300000, 0x0000000088300000| Untracked 
| 118|0x0000000088400000, 0x0000000088400000, 0x0000000088500000|  0%| F|  |TAMS 0x0000000088400000, 0x0000000088400000| Untracked 
| 119|0x0000000088500000, 0x0000000088500000, 0x0000000088600000|  0%| F|  |TAMS 0x0000000088500000, 0x0000000088500000| Untracked 
| 120|0x0000000088600000, 0x0000000088600000, 0x0000000088700000|  0%| F|  |TAMS 0x0000000088600000, 0x0000000088600000| Untracked 
| 121|0x0000000088700000, 0x0000000088700000, 0x0000000088800000|  0%| F|  |TAMS 0x0000000088700000, 0x0000000088700000| Untracked 
| 122|0x0000000088800000, 0x0000000088800000, 0x0000000088900000|  0%| F|  |TAMS 0x0000000088800000, 0x0000000088800000| Untracked 
| 123|0x0000000088900000, 0x0000000088900000, 0x0000000088a00000|  0%| F|  |TAMS 0x0000000088900000, 0x0000000088900000| Untracked 
| 124|0x0000000088a00000, 0x0000000088a00000, 0x0000000088b00000|  0%| F|  |TAMS 0x0000000088a00000, 0x0000000088a00000| Untracked 
| 125|0x0000000088b00000, 0x0000000088b00000, 0x0000000088c00000|  0%| F|  |TAMS 0x0000000088b00000, 0x0000000088b00000| Untracked 
| 126|0x0000000088c00000, 0x0000000088cc8378, 0x0000000088d00000| 78%| E|  |TAMS 0x0000000088c00000, 0x0000000088c00000| Complete 
| 127|0x0000000088d00000, 0x0000000088e00000, 0x0000000088e00000|100%| E|CS|TAMS 0x0000000088d00000, 0x0000000088d00000| Complete 

Card table byte_map: [0x000001a921ad0000,0x000001a921ed0000] _byte_map_base: 0x000001a9216c9000

Marking Bits (Prev, Next): (CMBitMap*) 0x000001a90ae04b40, (CMBitMap*) 0x000001a90ae04b80
 Prev Bits: [0x000001a9222d0000, 0x000001a924298000)
 Next Bits: [0x000001a9242a0000, 0x000001a926268000)

Polling page: 0x000001a908ac0000

Metaspace:

Usage:
  Non-class:    323.18 KB used.
      Class:     15.52 KB used.
       Both:    338.70 KB used.

Virtual space:
  Non-class space:       64.00 MB reserved,     384.00 KB ( <1%) committed,  1 nodes.
      Class space:        1.00 GB reserved,     128.00 KB ( <1%) committed,  1 nodes.
             Both:        1.06 GB reserved,     512.00 KB ( <1%) committed. 

Chunk freelists:
   Non-Class:  3.99 MB
       Class:  3.75 MB
        Both:  7.74 MB

MaxMetaspaceSize: unlimited
CompressedClassSpaceSize: 1.00 GB
Initial GC threshold: 21.00 MB
Current GC threshold: 21.00 MB
CDS: on
MetaspaceReclaimPolicy: balanced
 - commit_granule_bytes: 65536.
 - commit_granule_words: 8192.
 - virtual_space_node_default_size: 8388608.
 - enlarge_chunks_in_place: 1.
 - new_chunks_are_fully_committed: 0.
 - uncommit_free_chunks: 1.
 - use_allocation_guard: 0.


Internal statistics:

num_allocs_failed_limit: 0.
num_arena_births: 10.
num_arena_deaths: 0.
num_vsnodes_births: 2.
num_vsnodes_deaths: 0.
num_space_committed: 8.
num_space_uncommitted: 0.
num_chunks_returned_to_freelist: 0.
num_chunks_taken_from_freelist: 9.
num_chunk_merges: 0.
num_chunk_splits: 4.
num_chunks_enlarged: 2.
num_inconsistent_stats: 0.

CodeHeap 'non-profiled nmethods': size=120000Kb used=58Kb max_used=58Kb free=119941Kb
 bounds [0x000001a91a1a0000, 0x000001a91a410000, 0x000001a9216d0000]
CodeHeap 'profiled nmethods': size=120000Kb used=193Kb max_used=193Kb free=119806Kb
 bounds [0x000001a912c70000, 0x000001a912ee0000, 0x000001a91a1a0000]
CodeHeap 'non-nmethods': size=5760Kb used=1101Kb max_used=1101Kb free=4658Kb
 bounds [0x000001a9126d0000, 0x000001a912940000, 0x000001a912c70000]
 total_blobs=543 nmethods=178 adapters=279
 compilation: enabled
              stopped_count=0, restarted_count=0
 full_count=0

Compilation events (20 events):
Event: 0.238 Thread 0x000001a928701930 nmethod 166 0x000001a912c9cd90 code [0x000001a912c9cf20, 0x000001a912c9d068]
Event: 0.238 Thread 0x000001a928701930  170       3       jdk.internal.util.Preconditions::checkFromToIndex (24 bytes)
Event: 0.238 Thread 0x000001a928701930 nmethod 170 0x000001a912c9d110 code [0x000001a912c9d2c0, 0x000001a912c9d4a8]
Event: 0.238 Thread 0x000001a928701930  171       3       java.lang.StringLatin1::indexOf (36 bytes)
Event: 0.238 Thread 0x000001a928701930 nmethod 171 0x000001a912c9d590 code [0x000001a912c9d760, 0x000001a912c9db98]
Event: 0.238 Thread 0x000001a928701930  169       3       java.lang.String::indexOf (7 bytes)
Event: 0.239 Thread 0x000001a928701930 nmethod 169 0x000001a912c9dd10 code [0x000001a912c9dee0, 0x000001a912c9e1f8]
Event: 0.242 Thread 0x000001a928701930  172       3       java.util.Arrays::copyOfRange (64 bytes)
Event: 0.242 Thread 0x000001a928701930 nmethod 172 0x000001a912c9e310 code [0x000001a912c9e580, 0x000001a912c9ee98]
Event: 0.242 Thread 0x000001a928701930  173       3       java.util.zip.ZipUtils::SH (21 bytes)
Event: 0.242 Thread 0x000001a928701930 nmethod 173 0x000001a912c9f210 code [0x000001a912c9f3a0, 0x000001a912c9f4f8]
Event: 0.243 Thread 0x000001a928701930  174       1       java.util.HashMap$Node::getKey (5 bytes)
Event: 0.243 Thread 0x000001a928701930 nmethod 174 0x000001a91a1ae110 code [0x000001a91a1ae2a0, 0x000001a91a1ae378]
Event: 0.243 Thread 0x000001a928701930  175       1       java.util.HashMap$Node::getValue (5 bytes)
Event: 0.243 Thread 0x000001a928701930 nmethod 175 0x000001a91a1ae410 code [0x000001a91a1ae5a0, 0x000001a91a1ae678]
Event: 0.245 Thread 0x000001a928701930  176       3       java.lang.String::checkBoundsBeginEnd (11 bytes)
Event: 0.245 Thread 0x000001a928701930 nmethod 176 0x000001a912c9f610 code [0x000001a912c9f7c0, 0x000001a912c9fa08]
Event: 0.246 Thread 0x000001a928701930  177       3       java.lang.invoke.MethodType::checkSlotCount (33 bytes)
Event: 0.246 Thread 0x000001a928701930 nmethod 177 0x000001a912c9fb10 code [0x000001a912c9fd40, 0x000001a912ca03f8]
Event: 0.247 Thread 0x000001a928701930  179       3       java.lang.invoke.MemberName::testAllFlags (7 bytes)

GC Heap History (0 events):
No events

Deoptimization events (0 events):
No events

Classes loaded (18 events):
Event: 0.034 Loading class sun/nio/cs/MS1251
Event: 0.034 Loading class sun/nio/cs/MS1251 done
Event: 0.035 Loading class sun/nio/cs/MS1251$Holder
Event: 0.035 Loading class sun/nio/cs/MS1251$Holder done
Event: 0.038 Loading class sun/nio/cs/UTF_8$Encoder
Event: 0.038 Loading class sun/nio/cs/UTF_8$Encoder done
Event: 0.177 Loading class sun/instrument/InstrumentationImpl
Event: 0.194 Loading class java/lang/instrument/Instrumentation
Event: 0.219 Loading class java/lang/instrument/Instrumentation done
Event: 0.219 Loading class sun/instrument/InstrumentationImpl done
Event: 0.220 Loading class sun/instrument/TransformerManager
Event: 0.236 Loading class sun/instrument/TransformerManager done
Event: 0.236 Loading class sun/instrument/TransformerManager$TransformerInfo
Event: 0.236 Loading class sun/instrument/TransformerManager$TransformerInfo done
Event: 0.236 Loading class jdk/internal/loader/URLClassPath$FileLoader
Event: 0.236 Loading class jdk/internal/loader/URLClassPath$FileLoader done
Event: 0.236 Loading class sun/nio/cs/UTF_8$Decoder
Event: 0.236 Loading class sun/nio/cs/UTF_8$Decoder done

Classes unloaded (0 events):
No events

Classes redefined (0 events):
No events

Internal exceptions (1 events):
Event: 0.246 Thread 0x000001a90ada45d0 Exception <a 'java/lang/NoSuchMethodError'{0x0000000088cb3ee8}: 'void java.lang.invoke.DirectMethodHandle$Holder.invokeStatic(java.lang.Object, java.lang.Object, java.lang.Object)'> (0x0000000088cb3ee8) 
thrown [s\open\src\hotspot\share\interpreter\linkResolver.cpp, line 759]

VM Operations (2 events):
Event: 0.146 Executing VM operation: HandshakeAllThreads
Event: 0.146 Executing VM operation: HandshakeAllThreads done

Events (18 events):
Event: 0.012 Loaded shared library C:\Program Files\Java\jdk-18.0.2.1\bin\java.dll
Event: 0.023 Loaded shared library C:\Program Files\Java\jdk-18.0.2.1\bin\jsvml.dll
Event: 0.024 Thread 0x000001a90ada45d0 Thread added: 0x000001a90ada45d0
Event: 0.028 Thread 0x000001a9286e0cd0 Thread added: 0x000001a9286e0cd0
Event: 0.028 Thread 0x000001a9286e2420 Thread added: 0x000001a9286e2420
Event: 0.041 Thread 0x000001a9286f9ac0 Thread added: 0x000001a9286f9ac0
Event: 0.041 Thread 0x000001a9286fa460 Thread added: 0x000001a9286fa460
Event: 0.041 Thread 0x000001a9286fbe10 Thread added: 0x000001a9286fbe10
Event: 0.041 Thread 0x000001a9286fc7b0 Thread added: 0x000001a9286fc7b0
Event: 0.041 Thread 0x000001a9286fd480 Thread added: 0x000001a9286fd480
Event: 0.042 Thread 0x000001a928701930 Thread added: 0x000001a928701930
Event: 0.043 Thread 0x000001a9287871c0 Thread added: 0x000001a9287871c0
Event: 0.103 Thread 0x000001a9286ccb80 Thread added: 0x000001a9286ccb80
Event: 0.176 Loaded shared library C:\Program Files\Java\jdk-18.0.2.1\bin\zip.dll
Event: 0.220 Loaded shared library C:\Program Files\Java\jdk-18.0.2.1\bin\instrument.dll
Event: 0.240 Loaded shared library C:\Program Files\Java\jdk-18.0.2.1\bin\net.dll
Event: 0.241 Loaded shared library C:\Program Files\Java\jdk-18.0.2.1\bin\nio.dll
Event: 0.244 Loaded shared library C:\Program Files\Java\jdk-18.0.2.1\bin\zip.dll


Dynamic libraries:
0x00007ff683f40000 - 0x00007ff683f4e000 	C:\Program Files\Java\jdk-18.0.2.1\bin\java.exe
0x00007ffa1eaf0000 - 0x00007ffa1ecd1000 	C:\Windows\SYSTEM32\ntdll.dll
0x00007ffa00170000 - 0x00007ffa00187000 	C:\Program Files\Avast Software\Avast\aswhook.dll
0x00007ffa1e7b0000 - 0x00007ffa1e861000 	C:\Windows\System32\KERNEL32.DLL
0x00007ffa1b6c0000 - 0x00007ffa1b933000 	C:\Windows\System32\KERNELBASE.dll
0x00007ffa1aeb0000 - 0x00007ffa1afa8000 	C:\Windows\System32\ucrtbase.dll
0x00007ffa18fe0000 - 0x00007ffa18ff7000 	C:\Program Files\Java\jdk-18.0.2.1\bin\jli.dll
0x00007ffa1e450000 - 0x00007ffa1e5e0000 	C:\Windows\System32\USER32.dll
0x00007ffa1be00000 - 0x00007ffa1be20000 	C:\Windows\System32\win32u.dll
0x00007ffa1e780000 - 0x00007ffa1e7a8000 	C:\Windows\System32\GDI32.dll
0x00007ffa1bc60000 - 0x00007ffa1bdf1000 	C:\Windows\System32\gdi32full.dll
0x00007ffa177a0000 - 0x00007ffa177ba000 	C:\Program Files\Java\jdk-18.0.2.1\bin\VCRUNTIME140.dll
0x00007ffa1bed0000 - 0x00007ffa1bf6f000 	C:\Windows\System32\msvcp_win.dll
0x00007ffa07000000 - 0x00007ffa07269000 	C:\Windows\WinSxS\amd64_microsoft.windows.common-controls_6595b64144ccf1df_6.0.17134.1304_none_d3fbe61b7c93d9f0\COMCTL32.dll
0x00007ffa1d920000 - 0x00007ffa1d9be000 	C:\Windows\System32\msvcrt.dll
0x00007ffa1d5c0000 - 0x00007ffa1d8e1000 	C:\Windows\System32\combase.dll
0x00007ffa1dcb0000 - 0x00007ffa1ddd4000 	C:\Windows\System32\RPCRT4.dll
0x00007ffa1b940000 - 0x00007ffa1b9b9000 	C:\Windows\System32\bcryptPrimitives.dll
0x00007ffa1d8f0000 - 0x00007ffa1d91d000 	C:\Windows\System32\IMM32.DLL
0x00007ffa18f90000 - 0x00007ffa18f9c000 	C:\Program Files\Java\jdk-18.0.2.1\bin\vcruntime140_1.dll
0x00007ffa035a0000 - 0x00007ffa0362d000 	C:\Program Files\Java\jdk-18.0.2.1\bin\msvcp140.dll
0x00007ff9e78b0000 - 0x00007ff9e84c1000 	C:\Program Files\Java\jdk-18.0.2.1\bin\server\jvm.dll
0x00007ffa1bf70000 - 0x00007ffa1c011000 	C:\Windows\System32\ADVAPI32.dll
0x00007ffa1ea60000 - 0x00007ffa1eabb000 	C:\Windows\System32\sechost.dll
0x00007ffa1e6a0000 - 0x00007ffa1e6a8000 	C:\Windows\System32\PSAPI.DLL
0x00007ffa0dd00000 - 0x00007ffa0dd09000 	C:\Windows\SYSTEM32\WSOCK32.dll
0x00007ffa1c100000 - 0x00007ffa1c16c000 	C:\Windows\System32\WS2_32.dll
0x00007ffa18f40000 - 0x00007ffa18f63000 	C:\Windows\SYSTEM32\WINMM.dll
0x00007ffa157a0000 - 0x00007ffa157aa000 	C:\Windows\SYSTEM32\VERSION.dll
0x00007ffa18f10000 - 0x00007ffa18f3a000 	C:\Windows\SYSTEM32\winmmbase.dll
0x00007ffa1ba20000 - 0x00007ffa1ba69000 	C:\Windows\System32\cfgmgr32.dll
0x00007ffa1ae60000 - 0x00007ffa1ae71000 	C:\Windows\System32\kernel.appcore.dll
0x00007ffa17870000 - 0x00007ffa1787a000 	C:\Program Files\Java\jdk-18.0.2.1\bin\jimage.dll
0x00007ffa16430000 - 0x00007ffa165f9000 	C:\Windows\SYSTEM32\DBGHELP.DLL
0x00007ffa12a00000 - 0x00007ffa12a29000 	C:\Windows\SYSTEM32\dbgcore.DLL
0x00007ffa177e0000 - 0x00007ffa177ee000 	C:\Program Files\Java\jdk-18.0.2.1\bin\instrument.dll
0x00007ffa17740000 - 0x00007ffa17765000 	C:\Program Files\Java\jdk-18.0.2.1\bin\java.dll
0x00007ffa02ca0000 - 0x00007ffa02d76000 	C:\Program Files\Java\jdk-18.0.2.1\bin\jsvml.dll
0x00007ffa1c170000 - 0x00007ffa1d5b5000 	C:\Windows\System32\SHELL32.dll
0x00007ffa1e5e0000 - 0x00007ffa1e689000 	C:\Windows\System32\shcore.dll
0x00007ffa1afb0000 - 0x00007ffa1b6c0000 	C:\Windows\System32\windows.storage.dll
0x00007ffa1c040000 - 0x00007ffa1c091000 	C:\Windows\System32\shlwapi.dll
0x00007ffa1adf0000 - 0x00007ffa1ae0f000 	C:\Windows\System32\profapi.dll
0x00007ffa1ae10000 - 0x00007ffa1ae5c000 	C:\Windows\System32\powrprof.dll
0x00007ffa1aea0000 - 0x00007ffa1aeaa000 	C:\Windows\System32\FLTLIB.DLL
0x00007ffa11690000 - 0x00007ffa116a8000 	C:\Program Files\Java\jdk-18.0.2.1\bin\zip.dll
0x00007ffa11420000 - 0x00007ffa11433000 	C:\Program Files\Java\jdk-18.0.2.1\bin\net.dll
0x00007ffa0f420000 - 0x00007ffa0f4fd000 	C:\Windows\SYSTEM32\WINHTTP.dll
0x00007ffa1a610000 - 0x00007ffa1a676000 	C:\Windows\system32\mswsock.dll
0x00007ffa0e9a0000 - 0x00007ffa0e9b6000 	C:\Program Files\Java\jdk-18.0.2.1\bin\nio.dll

dbghelp: loaded successfully - version: 4.0.5 - missing functions: none
symbol engine: initialized successfully - sym options: 0x614 - pdb path: .;C:\Program Files\Java\jdk-18.0.2.1\bin;C:\Windows\SYSTEM32;C:\Program Files\Avast Software\Avast;C:\Windows\WinSxS\amd64_microsoft.windows.common-controls_6595b64144ccf1df_6.0.17134.1304_none_d3fbe61b7c93d9f0;C:\Program Files\Java\jdk-18.0.2.1\bin\server

VM Arguments:
jvm_args: -javaagent:C:\Program Files\JetBrains\IntelliJ IDEA Community Edition 2022.2.1\lib\idea_rt.jar=54307:C:\Program Files\JetBrains\IntelliJ IDEA Community Edition 2022.2.1\bin -Dfile.encoding=UTF-8 -Dsun.stdout.encoding=UTF-8 -Dsun.stderr.encoding=UTF-8 
java_command: Main
java_class_path (initial): F:\Homewqrk\Homework3\Lesson 5\out\production\Lesson 5
Launcher Type: SUN_STANDARD

[Global flags]
     intx CICompilerCount                          = 3                                         {product} {ergonomic}
     uint ConcGCThreads                            = 1                                         {product} {ergonomic}
     uint G1ConcRefinementThreads                  = 4                                         {product} {ergonomic}
   size_t G1HeapRegionSize                         = 1048576                                   {product} {ergonomic}
    uintx GCDrainStackTargetSize                   = 64                                        {product} {ergonomic}
   size_t InitialHeapSize                          = 134217728                                 {product} {ergonomic}
   size_t MarkStackSize                            = 4194304                                   {product} {ergonomic}
   size_t MaxHeapSize                              = 2132803584                                {product} {ergonomic}
   size_t MaxNewSize                               = 1279262720                                {product} {ergonomic}
   size_t MinHeapDeltaBytes                        = 1048576                                   {product} {ergonomic}
   size_t MinHeapSize                              = 8388608                                   {product} {ergonomic}
    uintx NonNMethodCodeHeapSize                   = 5832780                                {pd product} {ergonomic}
    uintx NonProfiledCodeHeapSize                  = 122912730                              {pd product} {ergonomic}
    uintx ProfiledCodeHeapSize                     = 122912730                              {pd product} {ergonomic}
    uintx ReservedCodeCacheSize                    = 251658240                              {pd product} {ergonomic}
     bool SegmentedCodeCache                       = true                                      {product} {ergonomic}
   size_t SoftMaxHeapSize                          = 2132803584                             {manageable} {ergonomic}
     bool UseCompressedClassPointers               = true                           {product lp64_product} {ergonomic}
     bool UseCompressedOops                        = true                           {product lp64_product} {ergonomic}
     bool UseG1GC                                  = true                                      {product} {ergonomic}
     bool UseLargePagesIndividualAllocation        = false                                  {pd product} {ergonomic}

Logging:
Log output configuration:
 #0: stdout all=warning uptime,level,tags foldmultilines=false
 #1: stderr all=off uptime,level,tags foldmultilines=false

Environment Variables:
JAVA_HOME=C:\Program Files\Java\jdk-18.0.2.1
PATH=C:\Program Files (x86)\Common Files\Oracle\Java\javapath;C:\Windows\system32;C:\Windows;C:\Windows\System32\Wbem;C:\Windows\System32\WindowsPowerShell\v1.0\;C:\Windows\System32\OpenSSH\;C:\Program Files (x86)\Avest\AvPCM_nces;C:\Program Files (x86)\Avest\AvPCM_BAPB;C:\Users\egork\AppData\Local\Microsoft\WindowsApps;C:\Program Files\Java\jdk-18.0.2.1\bin;;C:\Program Files\JetBrains\IntelliJ IDEA Community Edition 2022.2.1\bin;
USERNAME=egork
OS=Windows_NT
PROCESSOR_IDENTIFIER=Intel64 Family 6 Model 158 Stepping 9, GenuineIntel



---------------  S Y S T E M  ---------------

OS:
 Windows 10 , 64 bit Build 17134 (10.0.17134.753)
OS uptime: 0 days 5:20 hours

CPU: total 4 (initial active 4) (2 cores per cpu, 2 threads per core) family 6 model 158 stepping 9 microcode 0x8e, cx8, cmov, fxsr, ht, mmx, 3dnowpref, sse, sse2, sse3, ssse3, sse4.1, sse4.2, popcnt, lzcnt, tsc, tscinvbit, aes, erms, clmul, clflush, clflushopt

Memory: 4k page, system-wide physical 8135M (1706M free)
TotalPageFile size 10183M (AvailPageFile size 1M)
current process WorkingSet (physical memory assigned to process): 30M, peak: 30M
current process commit charge ("private bytes"): 202M, peak: 202M

vm_info: OpenJDK 64-Bit Server VM (18.0.2.1+1-1) for windows-amd64 JRE (18.0.2.1+1-1), built on Aug 16 2022 01:44:29 by "mach5one" with MS VC++ 16.8 / 16.9 (VS2019)

END.
