#
# There is insufficient memory for the Java Runtime Environment to continue.
# Native memory allocation (mmap) failed to map 2097152 bytes for G1 virtual space
# Possible reasons:
#   The system is out of physical RAM or swap space
#   The process is running with CompressedOops enabled, and the Java Heap may be blocking the growth of the native heap
# Possible solutions:
#   Reduce memory load on the system
#   Increase physical memory or swap space
#   Check if swap backing store is full
#   Decrease Java heap size (-Xmx/-Xms)
#   Decrease number of Java threads
#   Decrease Java thread stack sizes (-Xss)
#   Set larger code cache with -XX:ReservedCodeCacheSize=
#   JVM is running with Unscaled Compressed Oops mode in which the Java heap is
#     placed in the first 4GB address space. The Java Heap base address is the
#     maximum limit for the native heap growth. Please use -XX:HeapBaseMinAddress
#     to set the Java Heap base and to place the Java Heap above 4GB virtual address.
# This output file may be truncated or incomplete.
#
#  Out of Memory Error (os_windows.cpp:3530), pid=8956, tid=12520
#
# JRE version:  (18.0.2.1+1) (build )
# Java VM: OpenJDK 64-Bit Server VM (18.0.2.1+1-1, mixed mode, sharing, tiered, compressed oops, compressed class ptrs, g1 gc, windows-amd64)
# No core dump will be written. Minidumps are not enabled by default on client versions of Windows
#

---------------  S U M M A R Y ------------

Command Line: -javaagent:C:\Program Files\JetBrains\IntelliJ IDEA Community Edition 2022.2.1\lib\idea_rt.jar=54292:C:\Program Files\JetBrains\IntelliJ IDEA Community Edition 2022.2.1\bin -Dfile.encoding=UTF-8 -Dsun.stdout.encoding=UTF-8 -Dsun.stderr.encoding=UTF-8 Main

Host: Intel(R) Pentium(R) CPU G4560 @ 3.50GHz, 4 cores, 7G,  Windows 10 , 64 bit Build 17134 (10.0.17134.753)
Time: Thu Oct 20 14:46:24 2022 RTZ 2 (зима) elapsed time: 0.018337 seconds (0d 0h 0m 0s)

---------------  T H R E A D  ---------------

Current thread (0x000001d946905b90):  JavaThread "Unknown thread" [_thread_in_vm, id=12520, stack(0x000000a24d300000,0x000000a24d400000)]

Stack: [0x000000a24d300000,0x000000a24d400000]
Native frames: (J=compiled Java code, j=interpreted, Vv=VM code, C=native code)
V  [jvm.dll+0x6993aa]
V  [jvm.dll+0x7f46dd]
V  [jvm.dll+0x7f5fee]
V  [jvm.dll+0x7f66a3]
V  [jvm.dll+0x25cf1f]
V  [jvm.dll+0x6962f9]
V  [jvm.dll+0x68ae2a]
V  [jvm.dll+0x32255b]
V  [jvm.dll+0x329f36]
V  [jvm.dll+0x37eb08]
V  [jvm.dll+0x37ed0f]
V  [jvm.dll+0x2fa2da]
V  [jvm.dll+0x2fb33d]
V  [jvm.dll+0x7c3310]
V  [jvm.dll+0x38be61]
V  [jvm.dll+0x7a2023]
V  [jvm.dll+0x40dc3f]
V  [jvm.dll+0x40f611]
C  [jli.dll+0x526b]
C  [ucrtbase.dll+0x1e3fe]
C  [KERNEL32.DLL+0x14034]
C  [ntdll.dll+0x73691]


---------------  P R O C E S S  ---------------

Threads class SMR info:
_java_thread_list=0x00007ff9e838e550, length=0, elements={
}

Java Threads: ( => current thread )

Other Threads:
  0x000001d946964ef0 WorkerThread "GC Thread#0" [stack: 0x000000a24d400000,0x000000a24d500000] [id=12004]
  0x000001d946976c70 ConcurrentGCThread "G1 Main Marker" [stack: 0x000000a24d500000,0x000000a24d600000] [id=3896]
  0x000001d946977730 WorkerThread "G1 Conc#0" [stack: 0x000000a24d600000,0x000000a24d700000] [id=11856]

[error occurred during error reporting (printing all threads), id 0xc0000005, EXCEPTION_ACCESS_VIOLATION (0xc0000005) at pc=0x00007ff9e7bba877]

VM state: not at safepoint (not fully initialized)

VM Mutex/Monitor currently owned by a thread:  ([mutex/lock_event])
[0x000001d946901b00] Heap_lock - owner thread: 0x000001d946905b90

Heap address: 0x0000000080e00000, size: 2034 MB, Compressed Oops mode: 32-bit

CDS archive(s) mapped at: [0x0000000000000000-0x0000000000000000-0x0000000000000000), size 0, SharedBaseAddress: 0x0000000800000000, ArchiveRelocationMode: 0.
Narrow klass base: 0x0000000000000000, Narrow klass shift: 0, Narrow klass range: 0x0

GC Precious Log:
 CardTable entry size: 512
 Card Set container configuration: InlinePtr #cards 5 size 8 Array Of Cards #cards 12 size 40 Howl #buckets 4 coarsen threshold 1843 Howl Bitmap #cards 512 size 80 coarsen threshold 460 Card regions per heap region 1 cards per card region 2048

Heap:
 garbage-first heap   total 0K, used 0K [0x0000000080e00000, 0x0000000100000000)
  region size 1024K, 0 young (0K), 0 survivors (0K)

[error occurred during error reporting (printing heap information), id 0xc0000005, EXCEPTION_ACCESS_VIOLATION (0xc0000005) at pc=0x00007ff9e7fa1839]

GC Heap History (0 events):
No events

Deoptimization events (0 events):
No events

Classes loaded (0 events):
No events

Classes unloaded (0 events):
No events

Classes redefined (0 events):
No events

Internal exceptions (0 events):
No events

VM Operations (0 events):
No events

Events (1 events):
Event: 0.010 Loaded shared library C:\Program Files\Java\jdk-18.0.2.1\bin\java.dll


Dynamic libraries:
0x00007ff683f40000 - 0x00007ff683f4e000 	C:\Program Files\Java\jdk-18.0.2.1\bin\java.exe
0x00007ffa1eaf0000 - 0x00007ffa1ecd1000 	C:\Windows\SYSTEM32\ntdll.dll
0x00007ffa00170000 - 0x00007ffa00187000 	C:\Program Files\Avast Software\Avast\aswhook.dll
0x00007ffa1e7b0000 - 0x00007ffa1e861000 	C:\Windows\System32\KERNEL32.DLL
0x00007ffa1b6c0000 - 0x00007ffa1b933000 	C:\Windows\System32\KERNELBASE.dll
0x00007ffa1aeb0000 - 0x00007ffa1afa8000 	C:\Windows\System32\ucrtbase.dll
0x00007ffa18fe0000 - 0x00007ffa18ff7000 	C:\Program Files\Java\jdk-18.0.2.1\bin\jli.dll
0x00007ffa177a0000 - 0x00007ffa177ba000 	C:\Program Files\Java\jdk-18.0.2.1\bin\VCRUNTIME140.dll
0x00007ffa1e450000 - 0x00007ffa1e5e0000 	C:\Windows\System32\USER32.dll
0x00007ffa07000000 - 0x00007ffa07269000 	C:\Windows\WinSxS\amd64_microsoft.windows.common-controls_6595b64144ccf1df_6.0.17134.1304_none_d3fbe61b7c93d9f0\COMCTL32.dll
0x00007ffa1be00000 - 0x00007ffa1be20000 	C:\Windows\System32\win32u.dll
0x00007ffa1d920000 - 0x00007ffa1d9be000 	C:\Windows\System32\msvcrt.dll
0x00007ffa1e780000 - 0x00007ffa1e7a8000 	C:\Windows\System32\GDI32.dll
0x00007ffa1d5c0000 - 0x00007ffa1d8e1000 	C:\Windows\System32\combase.dll
0x00007ffa1bc60000 - 0x00007ffa1bdf1000 	C:\Windows\System32\gdi32full.dll
0x00007ffa1bed0000 - 0x00007ffa1bf6f000 	C:\Windows\System32\msvcp_win.dll
0x00007ffa1dcb0000 - 0x00007ffa1ddd4000 	C:\Windows\System32\RPCRT4.dll
0x00007ffa1b940000 - 0x00007ffa1b9b9000 	C:\Windows\System32\bcryptPrimitives.dll
0x00007ffa1d8f0000 - 0x00007ffa1d91d000 	C:\Windows\System32\IMM32.DLL
0x00007ffa18f90000 - 0x00007ffa18f9c000 	C:\Program Files\Java\jdk-18.0.2.1\bin\vcruntime140_1.dll
0x00007ffa035a0000 - 0x00007ffa0362d000 	C:\Program Files\Java\jdk-18.0.2.1\bin\msvcp140.dll
0x00007ff9e78b0000 - 0x00007ff9e84c1000 	C:\Program Files\Java\jdk-18.0.2.1\bin\server\jvm.dll
0x00007ffa1bf70000 - 0x00007ffa1c011000 	C:\Windows\System32\ADVAPI32.dll
0x00007ffa1ea60000 - 0x00007ffa1eabb000 	C:\Windows\System32\sechost.dll
0x00007ffa1e6a0000 - 0x00007ffa1e6a8000 	C:\Windows\System32\PSAPI.DLL
0x00007ffa0dd00000 - 0x00007ffa0dd09000 	C:\Windows\SYSTEM32\WSOCK32.dll
0x00007ffa1c100000 - 0x00007ffa1c16c000 	C:\Windows\System32\WS2_32.dll
0x00007ffa18f40000 - 0x00007ffa18f63000 	C:\Windows\SYSTEM32\WINMM.dll
0x00007ffa157a0000 - 0x00007ffa157aa000 	C:\Windows\SYSTEM32\VERSION.dll
0x00007ffa18f10000 - 0x00007ffa18f3a000 	C:\Windows\SYSTEM32\WINMMBASE.dll
0x00007ffa1ba20000 - 0x00007ffa1ba69000 	C:\Windows\System32\cfgmgr32.dll
0x00007ffa1ae60000 - 0x00007ffa1ae71000 	C:\Windows\System32\kernel.appcore.dll
0x00007ffa17870000 - 0x00007ffa1787a000 	C:\Program Files\Java\jdk-18.0.2.1\bin\jimage.dll
0x00007ffa16430000 - 0x00007ffa165f9000 	C:\Windows\SYSTEM32\DBGHELP.DLL
0x00007ffa12a00000 - 0x00007ffa12a29000 	C:\Windows\SYSTEM32\dbgcore.DLL
0x00007ffa177e0000 - 0x00007ffa177ee000 	C:\Program Files\Java\jdk-18.0.2.1\bin\instrument.dll
0x00007ffa17740000 - 0x00007ffa17765000 	C:\Program Files\Java\jdk-18.0.2.1\bin\java.dll

dbghelp: loaded successfully - version: 4.0.5 - missing functions: none
symbol engine: initialized successfully - sym options: 0x614 - pdb path: .;C:\Program Files\Java\jdk-18.0.2.1\bin;C:\Windows\SYSTEM32;C:\Program Files\Avast Software\Avast;C:\Windows\WinSxS\amd64_microsoft.windows.common-controls_6595b64144ccf1df_6.0.17134.1304_none_d3fbe61b7c93d9f0;C:\Program Files\Java\jdk-18.0.2.1\bin\server

VM Arguments:
jvm_args: -javaagent:C:\Program Files\JetBrains\IntelliJ IDEA Community Edition 2022.2.1\lib\idea_rt.jar=54292:C:\Program Files\JetBrains\IntelliJ IDEA Community Edition 2022.2.1\bin -Dfile.encoding=UTF-8 -Dsun.stdout.encoding=UTF-8 -Dsun.stderr.encoding=UTF-8 
java_command: Main
java_class_path (initial): F:\Homewqrk\Homework3\Lesson 5\out\production\Lesson 5
Launcher Type: SUN_STANDARD

[Global flags]
     intx CICompilerCount                          = 3                                         {product} {ergonomic}
     uint ConcGCThreads                            = 1                                         {product} {ergonomic}
     uint G1ConcRefinementThreads                  = 4                                         {product} {ergonomic}
   size_t G1HeapRegionSize                         = 1048576                                   {product} {ergonomic}
    uintx GCDrainStackTargetSize                   = 64                                        {product} {ergonomic}
   size_t InitialHeapSize                          = 134217728                                 {product} {ergonomic}
   size_t MarkStackSize                            = 4194304                                   {product} {ergonomic}
   size_t MaxHeapSize                              = 2132803584                                {product} {ergonomic}
   size_t MinHeapDeltaBytes                        = 1048576                                   {product} {ergonomic}
   size_t MinHeapSize                              = 8388608                                   {product} {ergonomic}
    uintx NonNMethodCodeHeapSize                   = 5832780                                {pd product} {ergonomic}
    uintx NonProfiledCodeHeapSize                  = 122912730                              {pd product} {ergonomic}
    uintx ProfiledCodeHeapSize                     = 122912730                              {pd product} {ergonomic}
    uintx ReservedCodeCacheSize                    = 251658240                              {pd product} {ergonomic}
     bool SegmentedCodeCache                       = true                                      {product} {ergonomic}
   size_t SoftMaxHeapSize                          = 2132803584                             {manageable} {ergonomic}
     bool UseCompressedClassPointers               = true                           {product lp64_product} {ergonomic}
     bool UseCompressedOops                        = true                           {product lp64_product} {ergonomic}
     bool UseG1GC                                  = true                                      {product} {ergonomic}
     bool UseLargePagesIndividualAllocation        = false                                  {pd product} {ergonomic}

Logging:
Log output configuration:
 #0: stdout all=warning uptime,level,tags foldmultilines=false
 #1: stderr all=off uptime,level,tags foldmultilines=false

Environment Variables:
JAVA_HOME=C:\Program Files\Java\jdk-18.0.2.1
PATH=C:\Program Files (x86)\Common Files\Oracle\Java\javapath;C:\Windows\system32;C:\Windows;C:\Windows\System32\Wbem;C:\Windows\System32\WindowsPowerShell\v1.0\;C:\Windows\System32\OpenSSH\;C:\Program Files (x86)\Avest\AvPCM_nces;C:\Program Files (x86)\Avest\AvPCM_BAPB;C:\Users\egork\AppData\Local\Microsoft\WindowsApps;C:\Program Files\Java\jdk-18.0.2.1\bin;;C:\Program Files\JetBrains\IntelliJ IDEA Community Edition 2022.2.1\bin;
USERNAME=egork
OS=Windows_NT
PROCESSOR_IDENTIFIER=Intel64 Family 6 Model 158 Stepping 9, GenuineIntel



---------------  S Y S T E M  ---------------

OS:
 Windows 10 , 64 bit Build 17134 (10.0.17134.753)
OS uptime: 0 days 5:19 hours

CPU: total 4 (initial active 4) (2 cores per cpu, 2 threads per core) family 6 model 158 stepping 9 microcode 0x8e, cx8, cmov, fxsr, ht, mmx, 3dnowpref, sse, sse2, sse3, ssse3, sse4.1, sse4.2, popcnt, lzcnt, tsc, tscinvbit, aes, erms, clmul, clflush, clflushopt

Memory: 4k page, system-wide physical 8135M (1706M free)
TotalPageFile size 10183M (AvailPageFile size 6M)
current process WorkingSet (physical memory assigned to process): 10M, peak: 10M
current process commit charge ("private bytes"): 182M, peak: 184M

vm_info: OpenJDK 64-Bit Server VM (18.0.2.1+1-1) for windows-amd64 JRE (18.0.2.1+1-1), built on Aug 16 2022 01:44:29 by "mach5one" with MS VC++ 16.8 / 16.9 (VS2019)

END.
